<?xml version="1.0" encoding="UTF-8"?>
<!-- Generated by org.testng.reporters.JUnitReportReporter -->
<testsuite hostname="P4A-508SD63" name="pom.tests.RegistrationTest" tests="1" failures="0" timestamp="25 Jul 2018 06:32:15 GMT" time="4.586" errors="0">
  <testcase name="Registrationtest" time="4.586" classname="pom.tests.RegistrationTest"/>
</testsuite> <!-- pom.tests.RegistrationTest -->
