<?xml version="1.0" encoding="UTF-8"?>
<!-- Generated by org.testng.reporters.JUnitReportReporter -->
<testsuite hostname="P4A-508SD63" name="pom.tests.Demo_Cookies" tests="1" failures="0" timestamp="24 Jul 2018 07:33:21 GMT" time="1.041" errors="0">
  <testcase name="Cookies" time="1.041" classname="pom.tests.Demo_Cookies"/>
</testsuite> <!-- pom.tests.Demo_Cookies -->
